<?xml version="1.0" encoding="UTF-8"?>
<testng-results ignored="0" total="1" passed="1" failed="0" skipped="0">
  <reporter-output>
  </reporter-output>
  <suite started-at="2022-08-27T11:24:17 IST" name="Default suite" finished-at="2022-08-27T11:24:57 IST" duration-ms="40881">
    <groups>
    </groups>
    <test started-at="2022-08-27T11:24:17 IST" name="Default test" finished-at="2022-08-27T11:24:57 IST" duration-ms="40881">
      <class name="com.kiranacademy.FileUpload">
        <test-method signature="test01()[pri:0, instance:com.kiranacademy.FileUpload@67080771]" started-at="2022-08-27T11:24:17 IST" name="test01" finished-at="2022-08-27T11:24:57 IST" duration-ms="40821" status="PASS">
          <reporter-output>
          </reporter-output>
        </test-method> <!-- test01 -->
      </class> <!-- com.kiranacademy.FileUpload -->
    </test> <!-- Default test -->
  </suite> <!-- Default suite -->
</testng-results>
