<?xml version="1.0" encoding="UTF-8"?>
<!-- Generated by org.testng.reporters.JUnitXMLReporter -->
<testsuite ignored="1" hostname="rohi" failures="1" tests="2" name="Test" time="28.086" errors="0" timestamp="2022-08-10T14:15:32 IST">
  <testcase classname="com.jbk.SiteTest" name="dash" time="0.014">
    <failure type="java.lang.NullPointerException" message="Cannot invoke &amp;quot;org.openqa.selenium.WebDriver.findElement(org.openqa.selenium.By)&amp;quot; because &amp;quot;this.driver&amp;quot; is null">
      <![CDATA[java.lang.NullPointerException: Cannot invoke "org.openqa.selenium.WebDriver.findElement(org.openqa.selenium.By)" because "this.driver" is null
at com.jbk.SiteTest.dash(SiteTest.java:28)
at java.base/java.util.ArrayList.forEach(ArrayList.java:1511)
... Removed 27 stack frames]]>
    </failure>
  </testcase> <!-- dash -->
  <testcase classname="com.jbk.SiteTest" name="login" time="28.001"/>
  <testcase classname="com.jbk.SiteTest" name="user" time="0.0">
    <ignored/>
  </testcase> <!-- user -->
</testsuite> <!-- Test -->
