<?xml version="1.0" encoding="UTF-8"?>
<!-- Generated by org.testng.reporters.JUnitXMLReporter -->
<testsuite ignored="0" hostname="rohi" failures="1" tests="3" name="Test" time="1.89" errors="0" timestamp="05 Aug 2022 12:52:13 GMT">
  <testcase classname="com.tests.LoginTest" name="failtest" time="0.044">
    <failure type="java.lang.AssertionError" message="expected [true] but found [false]">
      <![CDATA[java.lang.AssertionError: expected [true] but found [false]
at com.tests.LoginTest.failtest(LoginTest.java:36)
... Removed 33 stack frames]]>
    </failure>
  </testcase> <!-- failtest -->
  <testcase classname="com.tests.LoginTest" name="passtest" time="1.416"/>
  <testcase classname="com.tests.LoginTest" name="skipptest" time="0.001">
    <skipped/>
  </testcase> <!-- skipptest -->
</testsuite> <!-- Test -->
