<?xml version="1.0" encoding="UTF-8"?>
<!-- Generated by org.testng.reporters.JUnitXMLReporter -->
<testsuite hostname="rohi" ignored="0" name="Default test" tests="3" failures="0" timestamp="2022-10-10T15:47:02 IST" time="12.086" errors="0">
  <testcase name="getMethod" time="9.741" classname="com.restAssuredEx.APITesting"/>
  <testcase name="postMethod" time="1.212" classname="com.restAssuredEx.APITesting"/>
  <testcase name="putMethod" time="0.994" classname="com.restAssuredEx.APITesting"/>
</testsuite> <!-- Default test -->
