<?xml version="1.0" encoding="UTF-8"?>
<testng-results ignored="0" total="2" passed="2" failed="0" skipped="0">
  <reporter-output>
  </reporter-output>
  <suite started-at="2022-09-03T09:13:09 IST" name="Default suite" finished-at="2022-09-03T09:13:53 IST" duration-ms="44388">
    <groups>
    </groups>
    <test started-at="2022-09-03T09:13:09 IST" name="Default test" finished-at="2022-09-03T09:13:53 IST" duration-ms="44388">
      <class name="com.loginPage.LoginpageTest">
        <test-method signature="test01()[pri:0, instance:com.loginPage.LoginpageTest@7690781]" started-at="2022-09-03T09:13:09 IST" name="test01" finished-at="2022-09-03T09:13:53 IST" duration-ms="44001" status="PASS">
          <reporter-output>
          </reporter-output>
        </test-method> <!-- test01 -->
        <test-method signature="test02()[pri:0, instance:com.loginPage.LoginpageTest@7690781]" started-at="2022-09-03T09:13:53 IST" name="test02" finished-at="2022-09-03T09:13:53 IST" duration-ms="312" status="PASS">
          <reporter-output>
          </reporter-output>
        </test-method> <!-- test02 -->
      </class> <!-- com.loginPage.LoginpageTest -->
    </test> <!-- Default test -->
  </suite> <!-- Default suite -->
</testng-results>
